# JRE version: OpenJDK Runtime Environment Temurin-17.0.5+8 (17.0.5+8) (build 17.0.5+8)
# Java VM: OpenJDK 64-Bit Server VM Temurin-17.0.5+8 (17.0.5+8, mixed mode, tiered, compressed oops, compressed class ptrs, parallel gc, windows-amd64)
GC Precious Log:
 CPUs: 8 total, 8 available
 Memory: 24417M
 Large Page Support: Disabled
 NUMA Support: Disabled
 Compressed Oops: Enabled (32-bit)
 Alignments: Space 512K, Generation 512K, Heap 2M
 Heap Min Capacity: 100M
 Heap Initial Capacity: 100M
 Heap Max Capacity: 1G
 Pre-touch: Disabled
 Parallel Workers: 8
Heap:
 PSYoungGen      total 14336K, used 7638K [0x00000000eab00000, 0x00000000ebe80000, 0x0000000100000000)
  eden space 13312K, 54% used [0x00000000eab00000,0x00000000eb225a58,0x00000000eb800000)
  from space 1024K, 31% used [0x00000000ebc80000,0x00000000ebcd0000,0x00000000ebd80000)
  to   space 512K, 0% used [0x00000000ebe00000,0x00000000ebe00000,0x00000000ebe80000)
 ParOldGen       total 68608K, used 45817K [0x00000000c0000000, 0x00000000c4300000, 0x00000000eab00000)
  object space 68608K, 66% used [0x00000000c0000000,0x00000000c2cbe488,0x00000000c4300000)
 Metaspace       used 61297K, committed 62336K, reserved 1105920K
  class space    used 7070K, committed 7552K, reserved 1048576K
GC Heap History (20 events):
Event: 16.930 GC heap before
{Heap before GC invocations=51 (full 2):
 PSYoungGen      total 13824K, used 13536K [0x00000000eab00000, 0x00000000ebe80000, 0x0000000100000000)
  eden space 13312K, 100% used [0x00000000eab00000,0x00000000eb800000,0x00000000eb800000)
  from space 512K, 43% used [0x00000000ebe00000,0x00000000ebe38000,0x00000000ebe80000)
  to   space 512K, 0% used [0x00000000ebd80000,0x00000000ebd80000,0x00000000ebe00000)
 ParOldGen       total 68608K, used 46524K [0x00000000c0000000, 0x00000000c4300000, 0x00000000eab00000)
  object space 68608K, 67% used [0x00000000c0000000,0x00000000c2d6f330,0x00000000c4300000)
 Metaspace       used 56677K, committed 57728K, reserved 1105920K
  class space    used 6604K, committed 7104K, reserved 1048576K
}
Event: 16.930 GC heap after
{Heap after GC invocations=51 (full 2):
 PSYoungGen      total 13824K, used 160K [0x00000000eab00000, 0x00000000ebe80000, 0x0000000100000000)
  eden space 13312K, 0% used [0x00000000eab00000,0x00000000eab00000,0x00000000eb800000)
  from space 512K, 31% used [0x00000000ebd80000,0x00000000ebda8000,0x00000000ebe00000)
  to   space 512K, 0% used [0x00000000ebe00000,0x00000000ebe00000,0x00000000ebe80000)
 ParOldGen       total 68608K, used 46596K [0x00000000c0000000, 0x00000000c4300000, 0x00000000eab00000)
  object space 68608K, 67% used [0x00000000c0000000,0x00000000c2d81330,0x00000000c4300000)
 Metaspace       used 56677K, committed 57728K, reserved 1105920K
  class space    used 6604K, committed 7104K, reserved 1048576K
}
Event: 16.985 GC heap before
{Heap before GC invocations=52 (full 2):
 PSYoungGen      total 13824K, used 13472K [0x00000000eab00000, 0x00000000ebe80000, 0x0000000100000000)
  eden space 13312K, 100% used [0x00000000eab00000,0x00000000eb800000,0x00000000eb800000)
  from space 512K, 31% used [0x00000000ebd80000,0x00000000ebda8000,0x00000000ebe00000)
  to   space 512K, 0% used [0x00000000ebe00000,0x00000000ebe00000,0x00000000ebe80000)
 ParOldGen       total 68608K, used 46596K [0x00000000c0000000, 0x00000000c4300000, 0x00000000eab00000)
  object space 68608K, 67% used [0x00000000c0000000,0x00000000c2d81330,0x00000000c4300000)
 Metaspace       used 56683K, committed 57728K, reserved 1105920K
  class space    used 6605K, committed 7104K, reserved 1048576K
}
Event: 16.986 GC heap after
{Heap after GC invocations=52 (full 2):
 PSYoungGen      total 13824K, used 160K [0x00000000eab00000, 0x00000000ebe80000, 0x0000000100000000)
  eden space 13312K, 0% used [0x00000000eab00000,0x00000000eab00000,0x00000000eb800000)
  from space 512K, 31% used [0x00000000ebe00000,0x00000000ebe28000,0x00000000ebe80000)
  to   space 512K, 0% used [0x00000000ebd80000,0x00000000ebd80000,0x00000000ebe00000)
 ParOldGen       total 68608K, used 46596K [0x00000000c0000000, 0x00000000c4300000, 0x00000000eab00000)
  object space 68608K, 67% used [0x00000000c0000000,0x00000000c2d81330,0x00000000c4300000)
 Metaspace       used 56683K, committed 57728K, reserved 1105920K
  class space    used 6605K, committed 7104K, reserved 1048576K
}
Event: 17.035 GC heap before
{Heap before GC invocations=53 (full 2):
 PSYoungGen      total 13824K, used 13472K [0x00000000eab00000, 0x00000000ebe80000, 0x0000000100000000)
  eden space 13312K, 100% used [0x00000000eab00000,0x00000000eb800000,0x00000000eb800000)
  from space 512K, 31% used [0x00000000ebe00000,0x00000000ebe28000,0x00000000ebe80000)
  to   space 512K, 0% used [0x00000000ebd80000,0x00000000ebd80000,0x00000000ebe00000)
 ParOldGen       total 68608K, used 46596K [0x00000000c0000000, 0x00000000c4300000, 0x00000000eab00000)
  object space 68608K, 67% used [0x00000000c0000000,0x00000000c2d81330,0x00000000c4300000)
 Metaspace       used 56683K, committed 57728K, reserved 1105920K
  class space    used 6605K, committed 7104K, reserved 1048576K
}
Event: 17.035 GC heap after
{Heap after GC invocations=53 (full 2):
 PSYoungGen      total 13824K, used 128K [0x00000000eab00000, 0x00000000ebe80000, 0x0000000100000000)
  eden space 13312K, 0% used [0x00000000eab00000,0x00000000eab00000,0x00000000eb800000)
  from space 512K, 25% used [0x00000000ebd80000,0x00000000ebda0000,0x00000000ebe00000)
  to   space 512K, 0% used [0x00000000ebe00000,0x00000000ebe00000,0x00000000ebe80000)
 ParOldGen       total 68608K, used 46652K [0x00000000c0000000, 0x00000000c4300000, 0x00000000eab00000)
  object space 68608K, 67% used [0x00000000c0000000,0x00000000c2d8f330,0x00000000c4300000)
 Metaspace       used 56683K, committed 57728K, reserved 1105920K
  class space    used 6605K, committed 7104K, reserved 1048576K
}
Event: 17.151 GC heap before
{Heap before GC invocations=54 (full 2):
 PSYoungGen      total 13824K, used 13396K [0x00000000eab00000, 0x00000000ebe80000, 0x0000000100000000)
  eden space 13312K, 99% used [0x00000000eab00000,0x00000000eb7f5210,0x00000000eb800000)
  from space 512K, 25% used [0x00000000ebd80000,0x00000000ebda0000,0x00000000ebe00000)
  to   space 512K, 0% used [0x00000000ebe00000,0x00000000ebe00000,0x00000000ebe80000)
 ParOldGen       total 68608K, used 46652K [0x00000000c0000000, 0x00000000c4300000, 0x00000000eab00000)
  object space 68608K, 67% used [0x00000000c0000000,0x00000000c2d8f330,0x00000000c4300000)
 Metaspace       used 57052K, committed 58048K, reserved 1105920K
  class space    used 6655K, committed 7104K, reserved 1048576K
}
Event: 17.153 GC heap after
{Heap after GC invocations=54 (full 2):
 PSYoungGen      total 13824K, used 416K [0x00000000eab00000, 0x00000000ebe80000, 0x0000000100000000)
  eden space 13312K, 0% used [0x00000000eab00000,0x00000000eab00000,0x00000000eb800000)
  from space 512K, 81% used [0x00000000ebe00000,0x00000000ebe68000,0x00000000ebe80000)
  to   space 512K, 0% used [0x00000000ebd80000,0x00000000ebd80000,0x00000000ebe00000)
 ParOldGen       total 68608K, used 46660K [0x00000000c0000000, 0x00000000c4300000, 0x00000000eab00000)
  object space 68608K, 68% used [0x00000000c0000000,0x00000000c2d91330,0x00000000c4300000)
 Metaspace       used 57052K, committed 58048K, reserved 1105920K
  class space    used 6655K, committed 7104K, reserved 1048576K
}
Event: 17.214 GC heap before
{Heap before GC invocations=55 (full 2):
 PSYoungGen      total 13824K, used 13728K [0x00000000eab00000, 0x00000000ebe80000, 0x0000000100000000)
  eden space 13312K, 100% used [0x00000000eab00000,0x00000000eb800000,0x00000000eb800000)
  from space 512K, 81% used [0x00000000ebe00000,0x00000000ebe68000,0x00000000ebe80000)
  to   space 512K, 0% used [0x00000000ebd80000,0x00000000ebd80000,0x00000000ebe00000)
 ParOldGen       total 68608K, used 46660K [0x00000000c0000000, 0x00000000c4300000, 0x00000000eab00000)
  object space 68608K, 68% used [0x00000000c0000000,0x00000000c2d91330,0x00000000c4300000)
 Metaspace       used 57402K, committed 58432K, reserved 1105920K
  class space    used 6687K, committed 7168K, reserved 1048576K
}
Event: 17.215 GC heap after
{Heap after GC invocations=55 (full 2):
 PSYoungGen      total 13824K, used 448K [0x00000000eab00000, 0x00000000ebe80000, 0x0000000100000000)
  eden space 13312K, 0% used [0x00000000eab00000,0x00000000eab00000,0x00000000eb800000)
  from space 512K, 87% used [0x00000000ebd80000,0x00000000ebdf0000,0x00000000ebe00000)
  to   space 512K, 0% used [0x00000000ebe00000,0x00000000ebe00000,0x00000000ebe80000)
 ParOldGen       total 68608K, used 46959K [0x00000000c0000000, 0x00000000c4300000, 0x00000000eab00000)
  object space 68608K, 68% used [0x00000000c0000000,0x00000000c2ddbc68,0x00000000c4300000)
 Metaspace       used 57402K, committed 58432K, reserved 1105920K
  class space    used 6687K, committed 7168K, reserved 1048576K
}
Event: 17.249 GC heap before
{Heap before GC invocations=56 (full 2):
 PSYoungGen      total 13824K, used 13760K [0x00000000eab00000, 0x00000000ebe80000, 0x0000000100000000)
  eden space 13312K, 100% used [0x00000000eab00000,0x00000000eb800000,0x00000000eb800000)
  from space 512K, 87% used [0x00000000ebd80000,0x00000000ebdf0000,0x00000000ebe00000)
  to   space 512K, 0% used [0x00000000ebe00000,0x00000000ebe00000,0x00000000ebe80000)
 ParOldGen       total 68608K, used 46959K [0x00000000c0000000, 0x00000000c4300000, 0x00000000eab00000)
  object space 68608K, 68% used [0x00000000c0000000,0x00000000c2ddbc68,0x00000000c4300000)
 Metaspace       used 57521K, committed 58496K, reserved 1105920K
  class space    used 6698K, committed 7168K, reserved 1048576K
}
Event: 17.250 GC heap after
{Heap after GC invocations=56 (full 2):
 PSYoungGen      total 13824K, used 502K [0x00000000eab00000, 0x00000000ebe80000, 0x0000000100000000)
  eden space 13312K, 0% used [0x00000000eab00000,0x00000000eab00000,0x00000000eb800000)
  from space 512K, 98% used [0x00000000ebe00000,0x00000000ebe7d850,0x00000000ebe80000)
  to   space 1024K, 0% used [0x00000000ebc80000,0x00000000ebc80000,0x00000000ebd80000)
 ParOldGen       total 68608K, used 47240K [0x00000000c0000000, 0x00000000c4300000, 0x00000000eab00000)
  object space 68608K, 68% used [0x00000000c0000000,0x00000000c2e220d8,0x00000000c4300000)
 Metaspace       used 57521K, committed 58496K, reserved 1105920K
  class space    used 6698K, committed 7168K, reserved 1048576K
}
Event: 17.302 GC heap before
{Heap before GC invocations=57 (full 2):
 PSYoungGen      total 13824K, used 10049K [0x00000000eab00000, 0x00000000ebe80000, 0x0000000100000000)
  eden space 13312K, 71% used [0x00000000eab00000,0x00000000eb452ee8,0x00000000eb800000)
  from space 512K, 98% used [0x00000000ebe00000,0x00000000ebe7d850,0x00000000ebe80000)
  to   space 1024K, 0% used [0x00000000ebc80000,0x00000000ebc80000,0x00000000ebd80000)
 ParOldGen       total 68608K, used 47240K [0x00000000c0000000, 0x00000000c4300000, 0x00000000eab00000)
  object space 68608K, 68% used [0x00000000c0000000,0x00000000c2e220d8,0x00000000c4300000)
 Metaspace       used 58804K, committed 59776K, reserved 1105920K
  class space    used 6821K, committed 7296K, reserved 1048576K
}
Event: 17.303 GC heap after
{Heap after GC invocations=57 (full 2):
 PSYoungGen      total 14336K, used 416K [0x00000000eab00000, 0x00000000ebe80000, 0x0000000100000000)
  eden space 13312K, 0% used [0x00000000eab00000,0x00000000eab00000,0x00000000eb800000)
  from space 1024K, 40% used [0x00000000ebc80000,0x00000000ebce8000,0x00000000ebd80000)
  to   space 512K, 0% used [0x00000000ebe00000,0x00000000ebe00000,0x00000000ebe80000)
 ParOldGen       total 68608K, used 47432K [0x00000000c0000000, 0x00000000c4300000, 0x00000000eab00000)
  object space 68608K, 69% used [0x00000000c0000000,0x00000000c2e520d8,0x00000000c4300000)
 Metaspace       used 58804K, committed 59776K, reserved 1105920K
  class space    used 6821K, committed 7296K, reserved 1048576K
}
Event: 17.303 GC heap before
{Heap before GC invocations=58 (full 3):
 PSYoungGen      total 14336K, used 416K [0x00000000eab00000, 0x00000000ebe80000, 0x0000000100000000)
  eden space 13312K, 0% used [0x00000000eab00000,0x00000000eab00000,0x00000000eb800000)
  from space 1024K, 40% used [0x00000000ebc80000,0x00000000ebce8000,0x00000000ebd80000)
  to   space 512K, 0% used [0x00000000ebe00000,0x00000000ebe00000,0x00000000ebe80000)
 ParOldGen       total 68608K, used 47432K [0x00000000c0000000, 0x00000000c4300000, 0x00000000eab00000)
  object space 68608K, 69% used [0x00000000c0000000,0x00000000c2e520d8,0x00000000c4300000)
 Metaspace       used 58804K, committed 59776K, reserved 1105920K
  class space    used 6821K, committed 7296K, reserved 1048576K
}
Event: 17.351 GC heap after
{Heap after GC invocations=58 (full 3):
 PSYoungGen      total 14336K, used 0K [0x00000000eab00000, 0x00000000ebe80000, 0x0000000100000000)
  eden space 13312K, 0% used [0x00000000eab00000,0x00000000eab00000,0x00000000eb800000)
  from space 1024K, 0% used [0x00000000ebc80000,0x00000000ebc80000,0x00000000ebd80000)
  to   space 512K, 0% used [0x00000000ebe00000,0x00000000ebe00000,0x00000000ebe80000)
 ParOldGen       total 68608K, used 45147K [0x00000000c0000000, 0x00000000c4300000, 0x00000000eab00000)
  object space 68608K, 65% used [0x00000000c0000000,0x00000000c2c16f98,0x00000000c4300000)
 Metaspace       used 58804K, committed 59776K, reserved 1105920K
  class space    used 6821K, committed 7296K, reserved 1048576K
}
Event: 17.509 GC heap before
{Heap before GC invocations=59 (full 3):
 PSYoungGen      total 14336K, used 13312K [0x00000000eab00000, 0x00000000ebe80000, 0x0000000100000000)
  eden space 13312K, 100% used [0x00000000eab00000,0x00000000eb800000,0x00000000eb800000)
  from space 1024K, 0% used [0x00000000ebc80000,0x00000000ebc80000,0x00000000ebd80000)
  to   space 512K, 0% used [0x00000000ebe00000,0x00000000ebe00000,0x00000000ebe80000)
 ParOldGen       total 68608K, used 45147K [0x00000000c0000000, 0x00000000c4300000, 0x00000000eab00000)
  object space 68608K, 65% used [0x00000000c0000000,0x00000000c2c16f98,0x00000000c4300000)
 Metaspace       used 60090K, committed 61120K, reserved 1105920K
  class space    used 6950K, committed 7424K, reserved 1048576K
}
Event: 17.510 GC heap after
{Heap after GC invocations=59 (full 3):
 PSYoungGen      total 13824K, used 496K [0x00000000eab00000, 0x00000000ebe80000, 0x0000000100000000)
  eden space 13312K, 0% used [0x00000000eab00000,0x00000000eab00000,0x00000000eb800000)
  from space 512K, 96% used [0x00000000ebe00000,0x00000000ebe7c038,0x00000000ebe80000)
  to   space 1024K, 0% used [0x00000000ebc80000,0x00000000ebc80000,0x00000000ebd80000)
 ParOldGen       total 68608K, used 45362K [0x00000000c0000000, 0x00000000c4300000, 0x00000000eab00000)
  object space 68608K, 66% used [0x00000000c0000000,0x00000000c2c4c980,0x00000000c4300000)
 Metaspace       used 60090K, committed 61120K, reserved 1105920K
  class space    used 6950K, committed 7424K, reserved 1048576K
}
Event: 317.142 GC heap before
{Heap before GC invocations=60 (full 3):
 PSYoungGen      total 13824K, used 13802K [0x00000000eab00000, 0x00000000ebe80000, 0x0000000100000000)
  eden space 13312K, 99% used [0x00000000eab00000,0x00000000eb7fea20,0x00000000eb800000)
  from space 512K, 96% used [0x00000000ebe00000,0x00000000ebe7c038,0x00000000ebe80000)
  to   space 1024K, 0% used [0x00000000ebc80000,0x00000000ebc80000,0x00000000ebd80000)
 ParOldGen       total 68608K, used 45362K [0x00000000c0000000, 0x00000000c4300000, 0x00000000eab00000)
  object space 68608K, 66% used [0x00000000c0000000,0x00000000c2c4c980,0x00000000c4300000)
 Metaspace       used 60685K, committed 61696K, reserved 1105920K
  class space    used 7004K, committed 7488K, reserved 1048576K
}
Event: 317.143 GC heap after
{Heap after GC invocations=60 (full 3):
 PSYoungGen      total 14336K, used 320K [0x00000000eab00000, 0x00000000ebe80000, 0x0000000100000000)
  eden space 13312K, 0% used [0x00000000eab00000,0x00000000eab00000,0x00000000eb800000)
  from space 1024K, 31% used [0x00000000ebc80000,0x00000000ebcd0000,0x00000000ebd80000)
  to   space 512K, 0% used [0x00000000ebe00000,0x00000000ebe00000,0x00000000ebe80000)
 ParOldGen       total 68608K, used 45817K [0x00000000c0000000, 0x00000000c4300000, 0x00000000eab00000)
  object space 68608K, 66% used [0x00000000c0000000,0x00000000c2cbe488,0x00000000c4300000)
 Metaspace       used 60685K, committed 61696K, reserved 1105920K
  class space    used 7004K, committed 7488K, reserved 1048576K
}

